Using pre-set license
Built from '2022.3/staging' branch; Version is '2022.3.39f1 (4e1b0f82c39a) revision 5118735'; Using compiler version '192829333'; Build Type 'Release'
OS: 'Windows 11  (10.0.22631) 64bit Core' Language: 'en' Physical Memory: 16068 MB
BatchMode: 1, IsHumanControllingUs: 0, StartBugReporterOnCrash: 0, Is64bit: 1, IsPro: 1

COMMAND LINE ARGUMENTS:
C:\Program Files\Unity\Hub\Editor\2022.3.39f1\Editor\Unity.exe
-adb2
-batchMode
-noUpm
-name
AssetImportWorker0
-projectPath
C:/Users/rolop/Project/PROJECT/FinalProject
-logFile
Logs/AssetImportWorker0.log
-srvPort
65369
Successfully changed project path to: C:/Users/rolop/Project/PROJECT/FinalProject
C:/Users/rolop/Project/PROJECT/FinalProject
[UnityMemory] Configuration Parameters - Can be set up in boot.config
    "memorysetup-bucket-allocator-granularity=16"
    "memorysetup-bucket-allocator-bucket-count=8"
    "memorysetup-bucket-allocator-block-size=33554432"
    "memorysetup-bucket-allocator-block-count=8"
    "memorysetup-main-allocator-block-size=16777216"
    "memorysetup-thread-allocator-block-size=16777216"
    "memorysetup-gfx-main-allocator-block-size=16777216"
    "memorysetup-gfx-thread-allocator-block-size=16777216"
    "memorysetup-cache-allocator-block-size=4194304"
    "memorysetup-typetree-allocator-block-size=2097152"
    "memorysetup-profiler-bucket-allocator-granularity=16"
    "memorysetup-profiler-bucket-allocator-bucket-count=8"
    "memorysetup-profiler-bucket-allocator-block-size=33554432"
    "memorysetup-profiler-bucket-allocator-block-count=8"
    "memorysetup-profiler-allocator-block-size=16777216"
    "memorysetup-profiler-editor-allocator-block-size=1048576"
    "memorysetup-temp-allocator-size-main=16777216"
    "memorysetup-job-temp-allocator-block-size=2097152"
    "memorysetup-job-temp-allocator-block-size-background=1048576"
    "memorysetup-job-temp-allocator-reduction-small-platforms=262144"
    "memorysetup-allocator-temp-initial-block-size-main=262144"
    "memorysetup-allocator-temp-initial-block-size-worker=262144"
    "memorysetup-temp-allocator-size-background-worker=32768"
    "memorysetup-temp-allocator-size-job-worker=262144"
    "memorysetup-temp-allocator-size-preload-manager=33554432"
    "memorysetup-temp-allocator-size-nav-mesh-worker=65536"
    "memorysetup-temp-allocator-size-audio-worker=65536"
    "memorysetup-temp-allocator-size-cloud-worker=32768"
    "memorysetup-temp-allocator-size-gi-baking-worker=262144"
    "memorysetup-temp-allocator-size-gfx=262144"
Player connection [17972]  Target information:

Player connection [17972]  * "[IP] 192.168.56.1 [Port] 0 [Flags] 2 [Guid] 2512523739 [EditorId] 2512523739 [Version] 1048832 [Id] WindowsEditor(7,Romina) [Debug] 1 [PackageName] WindowsEditor [ProjectName] Editor" 

Player connection [17972]  * "[IP] 192.168.0.25 [Port] 0 [Flags] 2 [Guid] 2512523739 [EditorId] 2512523739 [Version] 1048832 [Id] WindowsEditor(7,Romina) [Debug] 1 [PackageName] WindowsEditor [ProjectName] Editor" 

Player connection [17972] Host joined multi-casting on [225.0.0.222:54997]...
Player connection [17972] Host joined alternative multi-casting on [225.0.0.222:34997]...
[PhysX] Initialized MultithreadedTaskDispatcher with 16 workers.
Refreshing native plugins compatible for Editor in 7.49 ms, found 3 plugins.
Preloading 0 native plugins for Editor in 0.00 ms.
Initialize engine version: 2022.3.39f1 (4e1b0f82c39a)
[Subsystems] Discovering subsystems at path C:/Program Files/Unity/Hub/Editor/2022.3.39f1/Editor/Data/Resources/UnitySubsystems
[Subsystems] Discovering subsystems at path C:/Users/rolop/Project/PROJECT/FinalProject/Assets
GfxDevice: creating device client; threaded=0; jobified=0
Direct3D:
    Version:  Direct3D 11.0 [level 11.1]
    Renderer: Intel(R) Iris(R) Xe Graphics (ID=0x46a6)
    Vendor:   Intel
    VRAM:     8034 MB
    Driver:   31.0.101.5186
Initialize mono
Mono path[0] = 'C:/Program Files/Unity/Hub/Editor/2022.3.39f1/Editor/Data/Managed'
Mono path[1] = 'C:/Program Files/Unity/Hub/Editor/2022.3.39f1/Editor/Data/MonoBleedingEdge/lib/mono/unityjit-win32'
Mono config path = 'C:/Program Files/Unity/Hub/Editor/2022.3.39f1/Editor/Data/MonoBleedingEdge/etc'
Using monoOptions --debugger-agent=transport=dt_socket,embedding=1,server=y,suspend=n,address=127.0.0.1:56480
Begin MonoManager ReloadAssembly
Registering precompiled unity dll's ...
Register platform support module: C:/Program Files/Unity/Hub/Editor/2022.3.39f1/Editor/Data/PlaybackEngines/WebGLSupport/UnityEditor.WebGL.Extensions.dll
Register platform support module: C:/Program Files/Unity/Hub/Editor/2022.3.39f1/Editor/Data/PlaybackEngines/WindowsStandaloneSupport/UnityEditor.WindowsStandalone.Extensions.dll
Registered in 0.006676 seconds.
- Loaded All Assemblies, in  0.288 seconds
Native extension for WindowsStandalone target not found
Native extension for WebGL target not found
Mono: successfully reloaded assembly
- Finished resetting the current domain, in  0.241 seconds
Domain Reload Profiling: 528ms
	BeginReloadAssembly (90ms)
		ExecutionOrderSort (0ms)
		DisableScriptedObjects (0ms)
		BackupInstance (0ms)
		ReleaseScriptingObjects (0ms)
		CreateAndSetChildDomain (1ms)
	RebuildCommonClasses (27ms)
	RebuildNativeTypeToScriptingClass (8ms)
	initialDomainReloadingComplete (48ms)
	LoadAllAssembliesAndSetupDomain (114ms)
		LoadAssemblies (89ms)
		RebuildTransferFunctionScriptingTraits (0ms)
		AnalyzeDomain (112ms)
			TypeCache.Refresh (110ms)
				TypeCache.ScanAssembly (99ms)
			ScanForSourceGeneratedMonoScriptInfo (0ms)
			ResolveRequiredComponents (0ms)
	FinalizeReload (241ms)
		ReleaseScriptCaches (0ms)
		RebuildScriptCaches (0ms)
		SetupLoadedEditorAssemblies (191ms)
			LogAssemblyErrors (0ms)
			InitializePlatformSupportModulesInManaged (10ms)
			SetLoadedEditorAssemblies (5ms)
			RefreshPlugins (0ms)
			BeforeProcessingInitializeOnLoad (2ms)
			ProcessInitializeOnLoadAttributes (135ms)
			ProcessInitializeOnLoadMethodAttributes (40ms)
			AfterProcessingInitializeOnLoad (0ms)
			EditorAssembliesLoaded (0ms)
		ExecutionOrderSort2 (0ms)
		AwakeInstancesAfterBackupRestoration (0ms)
========================================================================
Worker process is ready to serve import requests
Begin MonoManager ReloadAssembly
- Loaded All Assemblies, in  0.580 seconds
Refreshing native plugins compatible for Editor in 2.78 ms, found 3 plugins.
Native extension for WindowsStandalone target not found
Native extension for WebGL target not found
Package Manager log level set to [2]
[Package Manager] Server::EnsureServerProcessIsRunning -- launch failed, reason: Unity was launched with the -noUpm command-line argument
[Package Manager] UpmClient::Send -- Unable to send message (not connected to UPM process).
[Package Manager] Cannot connect to Unity Package Manager local server
Mono: successfully reloaded assembly
- Finished resetting the current domain, in  0.518 seconds
Domain Reload Profiling: 1095ms
	BeginReloadAssembly (138ms)
		ExecutionOrderSort (0ms)
		DisableScriptedObjects (5ms)
		BackupInstance (0ms)
		ReleaseScriptingObjects (0ms)
		CreateAndSetChildDomain (18ms)
	RebuildCommonClasses (29ms)
	RebuildNativeTypeToScriptingClass (8ms)
	initialDomainReloadingComplete (36ms)
	LoadAllAssembliesAndSetupDomain (367ms)
		LoadAssemblies (313ms)
		RebuildTransferFunctionScriptingTraits (0ms)
		AnalyzeDomain (140ms)
			TypeCache.Refresh (124ms)
				TypeCache.ScanAssembly (112ms)
			ScanForSourceGeneratedMonoScriptInfo (11ms)
			ResolveRequiredComponents (4ms)
	FinalizeReload (518ms)
		ReleaseScriptCaches (0ms)
		RebuildScriptCaches (0ms)
		SetupLoadedEditorAssemblies (398ms)
			LogAssemblyErrors (0ms)
			InitializePlatformSupportModulesInManaged (6ms)
			SetLoadedEditorAssemblies (4ms)
			RefreshPlugins (0ms)
			BeforeProcessingInitializeOnLoad (49ms)
			ProcessInitializeOnLoadAttributes (316ms)
			ProcessInitializeOnLoadMethodAttributes (17ms)
			AfterProcessingInitializeOnLoad (6ms)
			EditorAssembliesLoaded (0ms)
		ExecutionOrderSort2 (0ms)
		AwakeInstancesAfterBackupRestoration (6ms)
Launched and connected shader compiler UnityShaderCompiler.exe after 0.06 seconds
Refreshing native plugins compatible for Editor in 2.58 ms, found 3 plugins.
Preloading 0 native plugins for Editor in 0.00 ms.
Unloading 3095 Unused Serialized files (Serialized files now loaded: 0)
Unloading 33 unused Assets / (57.6 KB). Loaded Objects now: 3555.
Memory consumption went from 119.7 MB to 119.7 MB.
Total: 2.732500 ms (FindLiveObjects: 0.183900 ms CreateObjectMapping: 0.080200 ms MarkObjects: 2.371900 ms  DeleteObjects: 0.094600 ms)

AssetImportParameters requested are different than current active one (requested -> active):
  custom:container-demuxer-ogg: 62fdf1f143b41e24485cea50d1cbac27 -> 
  custom:video-codec-MediaFoundation-h265: 746d11721c4dcdbdad8f713fa42b33f4 -> 
  custom:video-decoder-ogg-theora: a1e56fd34408186e4bbccfd4996cb3dc -> 
  custom:framework-win-MediaFoundation: 216162199b28c13a410421893ffa2e32 -> 
  custom:CustomObjectIndexerAttribute: 9a22284fe3817be447336de3de66b15e -> 
  custom:container-demuxer-webm: 4f35f7cbe854078d1ac9338744f61a02 -> 
  custom:container-muxer-webm: aa71ff27fc2769a1b78a27578f13a17b -> 
  custom:video-decoder-webm-vp8: 9c59270c3fd7afecdb556c50c9e8de78 -> 
  custom:SearchIndexIgnoredProperties: e643bd26f0fe6173181afceb89e7c659 -> 
  custom:AudioImporter_EditorPlatform: d09bf68614088b80899f8185d706f6e7 -> 
  custom:video-encoder-webm-vp8: eb34c28f22e8b96e1ab97ce403110664 -> 
  custom:audio-decoder-ogg-vorbis: bf7c407c2cedff20999df2af8eb42d56 -> 
  custom:audio-encoder-webm-vorbis: bf7c407c2cedff20999df2af8eb42d56 -> 
========================================================================
Received Import Request.
  Time since last request: 1174522.126944 seconds.
  path: Assets/SEMA Game Studio/Modular Cute Fantasy Character Pack #1
  artifactKey: Guid(c88f1c9f345aeca4d915b7cbba378a91) Importer(815301076,1909f56bfc062723c751e8b465ee728b)
Start importing Assets/SEMA Game Studio/Modular Cute Fantasy Character Pack #1 using Guid(c88f1c9f345aeca4d915b7cbba378a91) Importer(815301076,1909f56bfc062723c751e8b465ee728b) [PhysX] Initialized MultithreadedTaskDispatcher with 16 workers.
 -> (artifact id: 'aa1637e63205d4f6d4d0fb5dbb7ba97e') in 0.001766 seconds
Number of updated asset objects reloaded before import = 0
Number of asset objects unloaded after import = 0
========================================================================
Received Import Request.
  Time since last request: 1.938646 seconds.
  path: Assets/SEMA Game Studio/Modular Cute Fantasy Character Pack #1/Materials/Mat_hair_001.mat
  artifactKey: Guid(cbc1ee2818a9c8a45adf8fcc413ed7c8) Importer(815301076,1909f56bfc062723c751e8b465ee728b)
Start importing Assets/SEMA Game Studio/Modular Cute Fantasy Character Pack #1/Materials/Mat_hair_001.mat using Guid(cbc1ee2818a9c8a45adf8fcc413ed7c8) Importer(815301076,1909f56bfc062723c751e8b465ee728b) [PhysX] Initialized MultithreadedTaskDispatcher with 16 workers.
[PhysX] Initialized MultithreadedTaskDispatcher with 16 workers.
 -> (artifact id: 'b6815921e645cfee5abc248ee4f6ff99') in 0.112869 seconds
Number of updated asset objects reloaded before import = 0
Number of asset objects unloaded after import = 2
========================================================================
Received Import Request.
  Time since last request: 0.000028 seconds.
  path: Assets/SEMA Game Studio/Modular Cute Fantasy Character Pack #1/Materials/Mat_outfit_fighter_hat_001.mat
  artifactKey: Guid(d239c483b0ec469499e452ad39ad5acb) Importer(815301076,1909f56bfc062723c751e8b465ee728b)
Start importing Assets/SEMA Game Studio/Modular Cute Fantasy Character Pack #1/Materials/Mat_outfit_fighter_hat_001.mat using Guid(d239c483b0ec469499e452ad39ad5acb) Importer(815301076,1909f56bfc062723c751e8b465ee728b) [PhysX] Initialized MultithreadedTaskDispatcher with 16 workers.
[PhysX] Initialized MultithreadedTaskDispatcher with 16 workers.
 -> (artifact id: '866c9e5c46480425aad7ce1d1fd378ed') in 0.021242 seconds
Number of updated asset objects reloaded before import = 0
Number of asset objects unloaded after import = 2
========================================================================
Received Import Request.
  Time since last request: 0.000022 seconds.
  path: Assets/SEMA Game Studio/Modular Cute Fantasy Character Pack #1/Materials/Mat_weapon_monkstaff_001.mat
  artifactKey: Guid(d239ba0103fa76e449f92c8c9450878b) Importer(815301076,1909f56bfc062723c751e8b465ee728b)
Start importing Assets/SEMA Game Studio/Modular Cute Fantasy Character Pack #1/Materials/Mat_weapon_monkstaff_001.mat using Guid(d239ba0103fa76e449f92c8c9450878b) Importer(815301076,1909f56bfc062723c751e8b465ee728b) [PhysX] Initialized MultithreadedTaskDispatcher with 16 workers.
[PhysX] Initialized MultithreadedTaskDispatcher with 16 workers.
 -> (artifact id: '0e115c03fdf82cd9fba0d6d547e05d98') in 0.017627 seconds
Number of updated asset objects reloaded before import = 0
Number of asset objects unloaded after import = 2
========================================================================
Received Import Request.
  Time since last request: 0.000018 seconds.
  path: Assets/SEMA Game Studio/Modular Cute Fantasy Character Pack #1/Materials/Mat_skin_body_001C.mat
  artifactKey: Guid(abbc4e339a1a0de4eb8bc7eb61aa784d) Importer(815301076,1909f56bfc062723c751e8b465ee728b)
Start importing Assets/SEMA Game Studio/Modular Cute Fantasy Character Pack #1/Materials/Mat_skin_body_001C.mat using Guid(abbc4e339a1a0de4eb8bc7eb61aa784d) Importer(815301076,1909f56bfc062723c751e8b465ee728b) [PhysX] Initialized MultithreadedTaskDispatcher with 16 workers.
[PhysX] Initialized MultithreadedTaskDispatcher with 16 workers.
 -> (artifact id: '8bf0f4d45ca22a53630756c53948cc65') in 0.010176 seconds
Number of updated asset objects reloaded before import = 0
Number of asset objects unloaded after import = 2
========================================================================
Received Import Request.
  Time since last request: 0.000016 seconds.
  path: Assets/SEMA Game Studio/Modular Cute Fantasy Character Pack #1/Materials/Mat_outfit_fighter_gloves_001.mat
  artifactKey: Guid(e590bf7bb14d8c9498d96d7caac0e1ae) Importer(815301076,1909f56bfc062723c751e8b465ee728b)
Start importing Assets/SEMA Game Studio/Modular Cute Fantasy Character Pack #1/Materials/Mat_outfit_fighter_gloves_001.mat using Guid(e590bf7bb14d8c9498d96d7caac0e1ae) Importer(815301076,1909f56bfc062723c751e8b465ee728b) [PhysX] Initialized MultithreadedTaskDispatcher with 16 workers.
[PhysX] Initialized MultithreadedTaskDispatcher with 16 workers.
 -> (artifact id: '88c3f63cb7a4535428640c940a7d3151') in 0.007822 seconds
Number of updated asset objects reloaded before import = 0
Number of asset objects unloaded after import = 2
========================================================================
Received Import Request.
  Time since last request: 0.000021 seconds.
  path: Assets/SEMA Game Studio/Modular Cute Fantasy Character Pack #1/Materials/Mat_hair_004.mat
  artifactKey: Guid(187583d89c85b1d46bf87d1f6837cee2) Importer(815301076,1909f56bfc062723c751e8b465ee728b)
Start importing Assets/SEMA Game Studio/Modular Cute Fantasy Character Pack #1/Materials/Mat_hair_004.mat using Guid(187583d89c85b1d46bf87d1f6837cee2) Importer(815301076,1909f56bfc062723c751e8b465ee728b) [PhysX] Initialized MultithreadedTaskDispatcher with 16 workers.
[PhysX] Initialized MultithreadedTaskDispatcher with 16 workers.
 -> (artifact id: '9e9ce893c52750cc56f370796ce99832') in 0.007522 seconds
Number of updated asset objects reloaded before import = 0
Number of asset objects unloaded after import = 2
========================================================================
Received Import Request.
  Time since last request: 0.000017 seconds.
  path: Assets/SEMA Game Studio/Modular Cute Fantasy Character Pack #1/Materials/Mat_skin_eyes_001C.mat
  artifactKey: Guid(b4107594339b56841be9eacb040f3fe6) Importer(815301076,1909f56bfc062723c751e8b465ee728b)
Start importing Assets/SEMA Game Studio/Modular Cute Fantasy Character Pack #1/Materials/Mat_skin_eyes_001C.mat using Guid(b4107594339b56841be9eacb040f3fe6) Importer(815301076,1909f56bfc062723c751e8b465ee728b) [PhysX] Initialized MultithreadedTaskDispatcher with 16 workers.
[PhysX] Initialized MultithreadedTaskDispatcher with 16 workers.
 -> (artifact id: '78c7127d7eae01fa84de322e9ccbf993') in 0.010505 seconds
Number of updated asset objects reloaded before import = 0
Number of asset objects unloaded after import = 2
========================================================================
Received Import Request.
  Time since last request: 0.000020 seconds.
  path: Assets/SEMA Game Studio/Modular Cute Fantasy Character Pack #1/Materials/Mat_skin_face_001B.mat
  artifactKey: Guid(631136d43fb419a4a810174e64cc9a25) Importer(815301076,1909f56bfc062723c751e8b465ee728b)
Start importing Assets/SEMA Game Studio/Modular Cute Fantasy Character Pack #1/Materials/Mat_skin_face_001B.mat using Guid(631136d43fb419a4a810174e64cc9a25) Importer(815301076,1909f56bfc062723c751e8b465ee728b) [PhysX] Initialized MultithreadedTaskDispatcher with 16 workers.
[PhysX] Initialized MultithreadedTaskDispatcher with 16 workers.
 -> (artifact id: 'e37d85d801d1fa7a70cf179ae9a18326') in 0.015384 seconds
Number of updated asset objects reloaded before import = 0
Number of asset objects unloaded after import = 2
========================================================================
Received Import Request.
  Time since last request: 0.000029 seconds.
  path: Assets/SEMA Game Studio/Modular Cute Fantasy Character Pack #1/Materials/Mat_skin_eyes_001A.mat
  artifactKey: Guid(f88aa7d62f1324a4aaf06b395a431d1d) Importer(815301076,1909f56bfc062723c751e8b465ee728b)
Start importing Assets/SEMA Game Studio/Modular Cute Fantasy Character Pack #1/Materials/Mat_skin_eyes_001A.mat using Guid(f88aa7d62f1324a4aaf06b395a431d1d) Importer(815301076,1909f56bfc062723c751e8b465ee728b) [PhysX] Initialized MultithreadedTaskDispatcher with 16 workers.
[PhysX] Initialized MultithreadedTaskDispatcher with 16 workers.
 -> (artifact id: 'eb8a4758a40b142bb3a3e9cec40fc74d') in 0.014920 seconds
Number of updated asset objects reloaded before import = 0
Number of asset objects unloaded after import = 2
========================================================================
Received Import Request.
  Time since last request: 0.000020 seconds.
  path: Assets/SEMA Game Studio/Modular Cute Fantasy Character Pack #1/Materials/Mat_outfit_monk_hat_001.mat
  artifactKey: Guid(5be431dbc4246574ab547b13d2a99734) Importer(815301076,1909f56bfc062723c751e8b465ee728b)
Start importing Assets/SEMA Game Studio/Modular Cute Fantasy Character Pack #1/Materials/Mat_outfit_monk_hat_001.mat using Guid(5be431dbc4246574ab547b13d2a99734) Importer(815301076,1909f56bfc062723c751e8b465ee728b) [PhysX] Initialized MultithreadedTaskDispatcher with 16 workers.
[PhysX] Initialized MultithreadedTaskDispatcher with 16 workers.
 -> (artifact id: 'cb87e386229d1630bce3343df0083802') in 0.014180 seconds
Number of updated asset objects reloaded before import = 0
Number of asset objects unloaded after import = 2
========================================================================
Received Import Request.
  Time since last request: 0.000021 seconds.
  path: Assets/SEMA Game Studio/Modular Cute Fantasy Character Pack #1/Materials/Mat_outfit_archer_quiver_001.mat
  artifactKey: Guid(9155ea41aecc6c943b495f315f5ce633) Importer(815301076,1909f56bfc062723c751e8b465ee728b)
Start importing Assets/SEMA Game Studio/Modular Cute Fantasy Character Pack #1/Materials/Mat_outfit_archer_quiver_001.mat using Guid(9155ea41aecc6c943b495f315f5ce633) Importer(815301076,1909f56bfc062723c751e8b465ee728b) [PhysX] Initialized MultithreadedTaskDispatcher with 16 workers.
[PhysX] Initialized MultithreadedTaskDispatcher with 16 workers.
 -> (artifact id: '53b389f2c54713750405acea0a7a9bcc') in 0.006786 seconds
Number of updated asset objects reloaded before import = 0
Number of asset objects unloaded after import = 2
========================================================================
Received Import Request.
  Time since last request: 0.000021 seconds.
  path: Assets/SEMA Game Studio/Modular Cute Fantasy Character Pack #1/Materials/Mat_skin_eyes_001D.mat
  artifactKey: Guid(73bcdf5b426b1ce45bb4d6469b719edc) Importer(815301076,1909f56bfc062723c751e8b465ee728b)
Start importing Assets/SEMA Game Studio/Modular Cute Fantasy Character Pack #1/Materials/Mat_skin_eyes_001D.mat using Guid(73bcdf5b426b1ce45bb4d6469b719edc) Importer(815301076,1909f56bfc062723c751e8b465ee728b) [PhysX] Initialized MultithreadedTaskDispatcher with 16 workers.
[PhysX] Initialized MultithreadedTaskDispatcher with 16 workers.
 -> (artifact id: '58b17538b7a18520f11404a0046a70ce') in 0.017694 seconds
Number of updated asset objects reloaded before import = 0
Number of asset objects unloaded after import = 2
========================================================================
Received Import Request.
  Time since last request: 0.000016 seconds.
  path: Assets/SEMA Game Studio/Modular Cute Fantasy Character Pack #1/Materials/Mat_skin_nose_001B.mat
  artifactKey: Guid(5cb380ef667c815419f1e64a04f6c93f) Importer(815301076,1909f56bfc062723c751e8b465ee728b)
Start importing Assets/SEMA Game Studio/Modular Cute Fantasy Character Pack #1/Materials/Mat_skin_nose_001B.mat using Guid(5cb380ef667c815419f1e64a04f6c93f) Importer(815301076,1909f56bfc062723c751e8b465ee728b) [PhysX] Initialized MultithreadedTaskDispatcher with 16 workers.
[PhysX] Initialized MultithreadedTaskDispatcher with 16 workers.
 -> (artifact id: '1576183508e2595b87099aea5a9b75c1') in 0.008333 seconds
Number of updated asset objects reloaded before import = 0
Number of asset objects unloaded after import = 2
========================================================================
Received Import Request.
  Time since last request: 0.000021 seconds.
  path: Assets/SEMA Game Studio/Modular Cute Fantasy Character Pack #1/Materials/Mat_skin_face_001C.mat
  artifactKey: Guid(87e63388ec3bdd948a9fb81b4a3581df) Importer(815301076,1909f56bfc062723c751e8b465ee728b)
Start importing Assets/SEMA Game Studio/Modular Cute Fantasy Character Pack #1/Materials/Mat_skin_face_001C.mat using Guid(87e63388ec3bdd948a9fb81b4a3581df) Importer(815301076,1909f56bfc062723c751e8b465ee728b) [PhysX] Initialized MultithreadedTaskDispatcher with 16 workers.
[PhysX] Initialized MultithreadedTaskDispatcher with 16 workers.
 -> (artifact id: '70dfeea8d0509ee24558a69dfda2eceb') in 0.010568 seconds
Number of updated asset objects reloaded before import = 0
Number of asset objects unloaded after import = 2
========================================================================
Received Import Request.
  Time since last request: 0.000016 seconds.
  path: Assets/SEMA Game Studio/Modular Cute Fantasy Character Pack #1/Materials/Mat_skin_body_001B.mat
  artifactKey: Guid(5be12c01286a89643838b8c08e90fc30) Importer(815301076,1909f56bfc062723c751e8b465ee728b)
Start importing Assets/SEMA Game Studio/Modular Cute Fantasy Character Pack #1/Materials/Mat_skin_body_001B.mat using Guid(5be12c01286a89643838b8c08e90fc30) Importer(815301076,1909f56bfc062723c751e8b465ee728b) [PhysX] Initialized MultithreadedTaskDispatcher with 16 workers.
[PhysX] Initialized MultithreadedTaskDispatcher with 16 workers.
 -> (artifact id: '5f6d46d67a506edb07d894e5034a547a') in 0.016961 seconds
Number of updated asset objects reloaded before import = 0
Number of asset objects unloaded after import = 2
========================================================================
Received Import Request.
  Time since last request: 0.000022 seconds.
  path: Assets/SEMA Game Studio/Modular Cute Fantasy Character Pack #1/Materials/Mat_outfit_mage_body_001.mat
  artifactKey: Guid(bf0fae11ff07d2e44a625973b54e3883) Importer(815301076,1909f56bfc062723c751e8b465ee728b)
Start importing Assets/SEMA Game Studio/Modular Cute Fantasy Character Pack #1/Materials/Mat_outfit_mage_body_001.mat using Guid(bf0fae11ff07d2e44a625973b54e3883) Importer(815301076,1909f56bfc062723c751e8b465ee728b) [PhysX] Initialized MultithreadedTaskDispatcher with 16 workers.
[PhysX] Initialized MultithreadedTaskDispatcher with 16 workers.
 -> (artifact id: '3103bc8d31c70f1ee69ae4082e08fd44') in 0.009047 seconds
Number of updated asset objects reloaded before import = 0
Number of asset objects unloaded after import = 2
========================================================================
Received Import Request.
  Time since last request: 0.000016 seconds.
  path: Assets/SEMA Game Studio/Modular Cute Fantasy Character Pack #1/Materials/Mat_skin_face_001A.mat
  artifactKey: Guid(14efad8e4e460ab4698c3a3c072a1fb1) Importer(815301076,1909f56bfc062723c751e8b465ee728b)
Start importing Assets/SEMA Game Studio/Modular Cute Fantasy Character Pack #1/Materials/Mat_skin_face_001A.mat using Guid(14efad8e4e460ab4698c3a3c072a1fb1) Importer(815301076,1909f56bfc062723c751e8b465ee728b) [PhysX] Initialized MultithreadedTaskDispatcher with 16 workers.
[PhysX] Initialized MultithreadedTaskDispatcher with 16 workers.
 -> (artifact id: '96ad7f914dab7a893ac56303f03eff3f') in 0.015896 seconds
Number of updated asset objects reloaded before import = 0
Number of asset objects unloaded after import = 2
========================================================================
Received Import Request.
  Time since last request: 0.000019 seconds.
  path: Assets/SEMA Game Studio/Modular Cute Fantasy Character Pack #1/Materials/Mat_skin_body_001A.mat
  artifactKey: Guid(23ba81ad6745c56439c53e67d5166870) Importer(815301076,1909f56bfc062723c751e8b465ee728b)
Start importing Assets/SEMA Game Studio/Modular Cute Fantasy Character Pack #1/Materials/Mat_skin_body_001A.mat using Guid(23ba81ad6745c56439c53e67d5166870) Importer(815301076,1909f56bfc062723c751e8b465ee728b) [PhysX] Initialized MultithreadedTaskDispatcher with 16 workers.
[PhysX] Initialized MultithreadedTaskDispatcher with 16 workers.
 -> (artifact id: 'ebfaf108acf7a47899e6717000239738') in 0.008269 seconds
Number of updated asset objects reloaded before import = 0
Number of asset objects unloaded after import = 2
========================================================================
Received Import Request.
  Time since last request: 0.000018 seconds.
  path: Assets/SEMA Game Studio/Modular Cute Fantasy Character Pack #1/Materials/Mat_outfit_mage_boots_001.mat
  artifactKey: Guid(bf91692d28e8338448a6415649562e21) Importer(815301076,1909f56bfc062723c751e8b465ee728b)
Start importing Assets/SEMA Game Studio/Modular Cute Fantasy Character Pack #1/Materials/Mat_outfit_mage_boots_001.mat using Guid(bf91692d28e8338448a6415649562e21) Importer(815301076,1909f56bfc062723c751e8b465ee728b) [PhysX] Initialized MultithreadedTaskDispatcher with 16 workers.
[PhysX] Initialized MultithreadedTaskDispatcher with 16 workers.
 -> (artifact id: 'be7003b1ac69253aa40bec3a68f71466') in 0.014004 seconds
Number of updated asset objects reloaded before import = 0
Number of asset objects unloaded after import = 2
========================================================================
Received Import Request.
  Time since last request: 0.000021 seconds.
  path: Assets/SEMA Game Studio/Modular Cute Fantasy Character Pack #1/Materials/Mat_outfit_necromancer_body_001.mat
  artifactKey: Guid(3c1198d71b288b141be5ef8729e9b3af) Importer(815301076,1909f56bfc062723c751e8b465ee728b)
Start importing Assets/SEMA Game Studio/Modular Cute Fantasy Character Pack #1/Materials/Mat_outfit_necromancer_body_001.mat using Guid(3c1198d71b288b141be5ef8729e9b3af) Importer(815301076,1909f56bfc062723c751e8b465ee728b) [PhysX] Initialized MultithreadedTaskDispatcher with 16 workers.
[PhysX] Initialized MultithreadedTaskDispatcher with 16 workers.
 -> (artifact id: 'ca77ab5fa0ff79afd79d0646d45b5ac5') in 0.012004 seconds
Number of updated asset objects reloaded before import = 0
Number of asset objects unloaded after import = 2
========================================================================
Received Import Request.
  Time since last request: 0.000027 seconds.
  path: Assets/SEMA Game Studio/Modular Cute Fantasy Character Pack #1/Materials/Mat_outfit_monk_cloak_001.mat
  artifactKey: Guid(49daef9ad0447d3469be073899558b73) Importer(815301076,1909f56bfc062723c751e8b465ee728b)
Start importing Assets/SEMA Game Studio/Modular Cute Fantasy Character Pack #1/Materials/Mat_outfit_monk_cloak_001.mat using Guid(49daef9ad0447d3469be073899558b73) Importer(815301076,1909f56bfc062723c751e8b465ee728b) [PhysX] Initialized MultithreadedTaskDispatcher with 16 workers.
[PhysX] Initialized MultithreadedTaskDispatcher with 16 workers.
 -> (artifact id: '09d19cc4243dad992f95135db9b74f2a') in 0.008591 seconds
Number of updated asset objects reloaded before import = 0
Number of asset objects unloaded after import = 2
========================================================================
Received Import Request.
  Time since last request: 0.000028 seconds.
  path: Assets/SEMA Game Studio/Modular Cute Fantasy Character Pack #1/Materials/Mat_skin_eyes_001B.mat
  artifactKey: Guid(33aa9d84bfc2ded419debefeac4a84cd) Importer(815301076,1909f56bfc062723c751e8b465ee728b)
Start importing Assets/SEMA Game Studio/Modular Cute Fantasy Character Pack #1/Materials/Mat_skin_eyes_001B.mat using Guid(33aa9d84bfc2ded419debefeac4a84cd) Importer(815301076,1909f56bfc062723c751e8b465ee728b) [PhysX] Initialized MultithreadedTaskDispatcher with 16 workers.
[PhysX] Initialized MultithreadedTaskDispatcher with 16 workers.
 -> (artifact id: 'e42317806547d5327c5f7643633191c1') in 0.008807 seconds
Number of updated asset objects reloaded before import = 0
Number of asset objects unloaded after import = 2
Editor requested this worker to shutdown with reason: Scaling down because of idle timeout
TcpMessagingSession - receive error: operation aborted. errorcode: 995, details: The I/O operation has been aborted because of either a thread exit or an application request.
AssetImportWorker is now disconnected from the server
Process exiting
Exiting without the bug reporter. Application will terminate with return code 0