Using pre-set license
Built from '2022.3/staging' branch; Version is '2022.3.39f1 (4e1b0f82c39a) revision 5118735'; Using compiler version '192829333'; Build Type 'Release'
OS: 'Windows 11  (10.0.22631) 64bit Core' Language: 'en' Physical Memory: 16068 MB
BatchMode: 1, IsHumanControllingUs: 0, StartBugReporterOnCrash: 0, Is64bit: 1, IsPro: 1

COMMAND LINE ARGUMENTS:
C:\Program Files\Unity\Hub\Editor\2022.3.39f1\Editor\Unity.exe
-adb2
-batchMode
-noUpm
-name
AssetImportWorker1
-projectPath
C:/Users/rolop/Project/PROJECT/FinalProject
-logFile
Logs/AssetImportWorker1.log
-srvPort
65369
Successfully changed project path to: C:/Users/rolop/Project/PROJECT/FinalProject
C:/Users/rolop/Project/PROJECT/FinalProject
[UnityMemory] Configuration Parameters - Can be set up in boot.config
    "memorysetup-bucket-allocator-granularity=16"
    "memorysetup-bucket-allocator-bucket-count=8"
    "memorysetup-bucket-allocator-block-size=33554432"
    "memorysetup-bucket-allocator-block-count=8"
    "memorysetup-main-allocator-block-size=16777216"
    "memorysetup-thread-allocator-block-size=16777216"
    "memorysetup-gfx-main-allocator-block-size=16777216"
    "memorysetup-gfx-thread-allocator-block-size=16777216"
    "memorysetup-cache-allocator-block-size=4194304"
    "memorysetup-typetree-allocator-block-size=2097152"
    "memorysetup-profiler-bucket-allocator-granularity=16"
    "memorysetup-profiler-bucket-allocator-bucket-count=8"
    "memorysetup-profiler-bucket-allocator-block-size=33554432"
    "memorysetup-profiler-bucket-allocator-block-count=8"
    "memorysetup-profiler-allocator-block-size=16777216"
    "memorysetup-profiler-editor-allocator-block-size=1048576"
    "memorysetup-temp-allocator-size-main=16777216"
    "memorysetup-job-temp-allocator-block-size=2097152"
    "memorysetup-job-temp-allocator-block-size-background=1048576"
    "memorysetup-job-temp-allocator-reduction-small-platforms=262144"
    "memorysetup-allocator-temp-initial-block-size-main=262144"
    "memorysetup-allocator-temp-initial-block-size-worker=262144"
    "memorysetup-temp-allocator-size-background-worker=32768"
    "memorysetup-temp-allocator-size-job-worker=262144"
    "memorysetup-temp-allocator-size-preload-manager=33554432"
    "memorysetup-temp-allocator-size-nav-mesh-worker=65536"
    "memorysetup-temp-allocator-size-audio-worker=65536"
    "memorysetup-temp-allocator-size-cloud-worker=32768"
    "memorysetup-temp-allocator-size-gi-baking-worker=262144"
    "memorysetup-temp-allocator-size-gfx=262144"
Player connection [23628]  Target information:

Player connection [23628]  * "[IP] 192.168.56.1 [Port] 0 [Flags] 2 [Guid] 2445797009 [EditorId] 2445797009 [Version] 1048832 [Id] WindowsEditor(7,Romina) [Debug] 1 [PackageName] WindowsEditor [ProjectName] Editor" 

Player connection [23628]  * "[IP] 192.168.0.25 [Port] 0 [Flags] 2 [Guid] 2445797009 [EditorId] 2445797009 [Version] 1048832 [Id] WindowsEditor(7,Romina) [Debug] 1 [PackageName] WindowsEditor [ProjectName] Editor" 

Player connection [23628] Host joined multi-casting on [225.0.0.222:54997]...
Player connection [23628] Host joined alternative multi-casting on [225.0.0.222:34997]...
[PhysX] Initialized MultithreadedTaskDispatcher with 16 workers.
Refreshing native plugins compatible for Editor in 8.14 ms, found 3 plugins.
Preloading 0 native plugins for Editor in 0.00 ms.
Initialize engine version: 2022.3.39f1 (4e1b0f82c39a)
[Subsystems] Discovering subsystems at path C:/Program Files/Unity/Hub/Editor/2022.3.39f1/Editor/Data/Resources/UnitySubsystems
[Subsystems] Discovering subsystems at path C:/Users/rolop/Project/PROJECT/FinalProject/Assets
GfxDevice: creating device client; threaded=0; jobified=0
Direct3D:
    Version:  Direct3D 11.0 [level 11.1]
    Renderer: Intel(R) Iris(R) Xe Graphics (ID=0x46a6)
    Vendor:   Intel
    VRAM:     8034 MB
    Driver:   31.0.101.5186
Initialize mono
Mono path[0] = 'C:/Program Files/Unity/Hub/Editor/2022.3.39f1/Editor/Data/Managed'
Mono path[1] = 'C:/Program Files/Unity/Hub/Editor/2022.3.39f1/Editor/Data/MonoBleedingEdge/lib/mono/unityjit-win32'
Mono config path = 'C:/Program Files/Unity/Hub/Editor/2022.3.39f1/Editor/Data/MonoBleedingEdge/etc'
Using monoOptions --debugger-agent=transport=dt_socket,embedding=1,server=y,suspend=n,address=127.0.0.1:56204
Begin MonoManager ReloadAssembly
Registering precompiled unity dll's ...
Register platform support module: C:/Program Files/Unity/Hub/Editor/2022.3.39f1/Editor/Data/PlaybackEngines/WebGLSupport/UnityEditor.WebGL.Extensions.dll
Register platform support module: C:/Program Files/Unity/Hub/Editor/2022.3.39f1/Editor/Data/PlaybackEngines/WindowsStandaloneSupport/UnityEditor.WindowsStandalone.Extensions.dll
Registered in 0.006601 seconds.
- Loaded All Assemblies, in  0.289 seconds
Native extension for WindowsStandalone target not found
Native extension for WebGL target not found
Mono: successfully reloaded assembly
- Finished resetting the current domain, in  0.241 seconds
Domain Reload Profiling: 528ms
	BeginReloadAssembly (90ms)
		ExecutionOrderSort (0ms)
		DisableScriptedObjects (0ms)
		BackupInstance (0ms)
		ReleaseScriptingObjects (0ms)
		CreateAndSetChildDomain (1ms)
	RebuildCommonClasses (26ms)
	RebuildNativeTypeToScriptingClass (8ms)
	initialDomainReloadingComplete (49ms)
	LoadAllAssembliesAndSetupDomain (113ms)
		LoadAssemblies (88ms)
		RebuildTransferFunctionScriptingTraits (0ms)
		AnalyzeDomain (112ms)
			TypeCache.Refresh (110ms)
				TypeCache.ScanAssembly (100ms)
			ScanForSourceGeneratedMonoScriptInfo (0ms)
			ResolveRequiredComponents (0ms)
	FinalizeReload (241ms)
		ReleaseScriptCaches (0ms)
		RebuildScriptCaches (0ms)
		SetupLoadedEditorAssemblies (191ms)
			LogAssemblyErrors (0ms)
			InitializePlatformSupportModulesInManaged (9ms)
			SetLoadedEditorAssemblies (5ms)
			RefreshPlugins (0ms)
			BeforeProcessingInitializeOnLoad (2ms)
			ProcessInitializeOnLoadAttributes (135ms)
			ProcessInitializeOnLoadMethodAttributes (40ms)
			AfterProcessingInitializeOnLoad (0ms)
			EditorAssembliesLoaded (0ms)
		ExecutionOrderSort2 (0ms)
		AwakeInstancesAfterBackupRestoration (0ms)
========================================================================
Worker process is ready to serve import requests
Begin MonoManager ReloadAssembly
- Loaded All Assemblies, in  0.580 seconds
Refreshing native plugins compatible for Editor in 2.86 ms, found 3 plugins.
Native extension for WindowsStandalone target not found
Native extension for WebGL target not found
Package Manager log level set to [2]
[Package Manager] Server::EnsureServerProcessIsRunning -- launch failed, reason: Unity was launched with the -noUpm command-line argument
[Package Manager] UpmClient::Send -- Unable to send message (not connected to UPM process).
[Package Manager] Cannot connect to Unity Package Manager local server
Mono: successfully reloaded assembly
- Finished resetting the current domain, in  0.518 seconds
Domain Reload Profiling: 1096ms
	BeginReloadAssembly (143ms)
		ExecutionOrderSort (0ms)
		DisableScriptedObjects (5ms)
		BackupInstance (0ms)
		ReleaseScriptingObjects (0ms)
		CreateAndSetChildDomain (19ms)
	RebuildCommonClasses (27ms)
	RebuildNativeTypeToScriptingClass (8ms)
	initialDomainReloadingComplete (38ms)
	LoadAllAssembliesAndSetupDomain (361ms)
		LoadAssemblies (311ms)
		RebuildTransferFunctionScriptingTraits (0ms)
		AnalyzeDomain (139ms)
			TypeCache.Refresh (123ms)
				TypeCache.ScanAssembly (111ms)
			ScanForSourceGeneratedMonoScriptInfo (11ms)
			ResolveRequiredComponents (3ms)
	FinalizeReload (519ms)
		ReleaseScriptCaches (0ms)
		RebuildScriptCaches (0ms)
		SetupLoadedEditorAssemblies (396ms)
			LogAssemblyErrors (0ms)
			InitializePlatformSupportModulesInManaged (6ms)
			SetLoadedEditorAssemblies (4ms)
			RefreshPlugins (0ms)
			BeforeProcessingInitializeOnLoad (48ms)
			ProcessInitializeOnLoadAttributes (313ms)
			ProcessInitializeOnLoadMethodAttributes (18ms)
			AfterProcessingInitializeOnLoad (6ms)
			EditorAssembliesLoaded (0ms)
		ExecutionOrderSort2 (0ms)
		AwakeInstancesAfterBackupRestoration (6ms)
Launched and connected shader compiler UnityShaderCompiler.exe after 0.05 seconds
Refreshing native plugins compatible for Editor in 2.72 ms, found 3 plugins.
Preloading 0 native plugins for Editor in 0.00 ms.
Unloading 3095 Unused Serialized files (Serialized files now loaded: 0)
Unloading 33 unused Assets / (58.0 KB). Loaded Objects now: 3555.
Memory consumption went from 119.7 MB to 119.6 MB.
Total: 2.660900 ms (FindLiveObjects: 0.180800 ms CreateObjectMapping: 0.074300 ms MarkObjects: 2.298500 ms  DeleteObjects: 0.105600 ms)

AssetImportParameters requested are different than current active one (requested -> active):
  custom:container-demuxer-ogg: 62fdf1f143b41e24485cea50d1cbac27 -> 
  custom:video-codec-MediaFoundation-h265: 746d11721c4dcdbdad8f713fa42b33f4 -> 
  custom:video-decoder-ogg-theora: a1e56fd34408186e4bbccfd4996cb3dc -> 
  custom:framework-win-MediaFoundation: 216162199b28c13a410421893ffa2e32 -> 
  custom:CustomObjectIndexerAttribute: 9a22284fe3817be447336de3de66b15e -> 
  custom:container-demuxer-webm: 4f35f7cbe854078d1ac9338744f61a02 -> 
  custom:container-muxer-webm: aa71ff27fc2769a1b78a27578f13a17b -> 
  custom:video-decoder-webm-vp8: 9c59270c3fd7afecdb556c50c9e8de78 -> 
  custom:SearchIndexIgnoredProperties: e643bd26f0fe6173181afceb89e7c659 -> 
  custom:AudioImporter_EditorPlatform: d09bf68614088b80899f8185d706f6e7 -> 
  custom:video-encoder-webm-vp8: eb34c28f22e8b96e1ab97ce403110664 -> 
  custom:audio-decoder-ogg-vorbis: bf7c407c2cedff20999df2af8eb42d56 -> 
  custom:audio-encoder-webm-vorbis: bf7c407c2cedff20999df2af8eb42d56 -> 
========================================================================
Received Import Request.
  Time since last request: 1174518.605968 seconds.
  path: Assets/SEMA Game Studio
  artifactKey: Guid(1b3535a36a553a04ea1421d818e28990) Importer(815301076,1909f56bfc062723c751e8b465ee728b)
Start importing Assets/SEMA Game Studio using Guid(1b3535a36a553a04ea1421d818e28990) Importer(815301076,1909f56bfc062723c751e8b465ee728b) [PhysX] Initialized MultithreadedTaskDispatcher with 16 workers.
 -> (artifact id: 'e43a228f0531f5787a974bba70d65678') in 0.001656 seconds
Number of updated asset objects reloaded before import = 0
Number of asset objects unloaded after import = 0
========================================================================
Received Import Request.
  Time since last request: 5.460843 seconds.
  path: Assets/SEMA Game Studio/Modular Cute Fantasy Character Pack #1/Materials/Mat_hair_002.mat
  artifactKey: Guid(6f319ede80b7a5e4eb6ff23e34c9e7cc) Importer(815301076,1909f56bfc062723c751e8b465ee728b)
Start importing Assets/SEMA Game Studio/Modular Cute Fantasy Character Pack #1/Materials/Mat_hair_002.mat using Guid(6f319ede80b7a5e4eb6ff23e34c9e7cc) Importer(815301076,1909f56bfc062723c751e8b465ee728b) [PhysX] Initialized MultithreadedTaskDispatcher with 16 workers.
[PhysX] Initialized MultithreadedTaskDispatcher with 16 workers.
 -> (artifact id: '3346b9f78f228b8e0b9625e07f948297') in 0.108006 seconds
Number of updated asset objects reloaded before import = 0
Number of asset objects unloaded after import = 2
========================================================================
Received Import Request.
  Time since last request: 0.000021 seconds.
  path: Assets/SEMA Game Studio/Modular Cute Fantasy Character Pack #1/Materials/Mat_skin_nose_001C.mat
  artifactKey: Guid(840709898c948a646a399b1de5ee39e9) Importer(815301076,1909f56bfc062723c751e8b465ee728b)
Start importing Assets/SEMA Game Studio/Modular Cute Fantasy Character Pack #1/Materials/Mat_skin_nose_001C.mat using Guid(840709898c948a646a399b1de5ee39e9) Importer(815301076,1909f56bfc062723c751e8b465ee728b) [PhysX] Initialized MultithreadedTaskDispatcher with 16 workers.
[PhysX] Initialized MultithreadedTaskDispatcher with 16 workers.
 -> (artifact id: '545dcac4b061cefc9011f97e9ec24bfa') in 0.012075 seconds
Number of updated asset objects reloaded before import = 0
Number of asset objects unloaded after import = 2
========================================================================
Received Import Request.
  Time since last request: 0.000017 seconds.
  path: Assets/SEMA Game Studio/Modular Cute Fantasy Character Pack #1/Materials/Mat_outfit_archer_body_001.mat
  artifactKey: Guid(d8be94ff580bed8479cdc2be6b2f896a) Importer(815301076,1909f56bfc062723c751e8b465ee728b)
Start importing Assets/SEMA Game Studio/Modular Cute Fantasy Character Pack #1/Materials/Mat_outfit_archer_body_001.mat using Guid(d8be94ff580bed8479cdc2be6b2f896a) Importer(815301076,1909f56bfc062723c751e8b465ee728b) [PhysX] Initialized MultithreadedTaskDispatcher with 16 workers.
[PhysX] Initialized MultithreadedTaskDispatcher with 16 workers.
 -> (artifact id: 'bb4d6a819e5d5fa03e4ea1b42ed2de1a') in 0.013838 seconds
Number of updated asset objects reloaded before import = 0
Number of asset objects unloaded after import = 2
========================================================================
Received Import Request.
  Time since last request: 0.000020 seconds.
  path: Assets/SEMA Game Studio/Modular Cute Fantasy Character Pack #1/Materials/Mat_hair_005.mat
  artifactKey: Guid(b3143fa28aee4104797e82cb21d65826) Importer(815301076,1909f56bfc062723c751e8b465ee728b)
Start importing Assets/SEMA Game Studio/Modular Cute Fantasy Character Pack #1/Materials/Mat_hair_005.mat using Guid(b3143fa28aee4104797e82cb21d65826) Importer(815301076,1909f56bfc062723c751e8b465ee728b) [PhysX] Initialized MultithreadedTaskDispatcher with 16 workers.
[PhysX] Initialized MultithreadedTaskDispatcher with 16 workers.
 -> (artifact id: '82421bcea096f803f870d51d2f7b7816') in 0.014407 seconds
Number of updated asset objects reloaded before import = 0
Number of asset objects unloaded after import = 2
========================================================================
Received Import Request.
  Time since last request: 0.000015 seconds.
  path: Assets/SEMA Game Studio/Modular Cute Fantasy Character Pack #1/Materials/Mat_outfit_archer_boots_001.mat
  artifactKey: Guid(4e362da7191d6894bbf2ff2b81292656) Importer(815301076,1909f56bfc062723c751e8b465ee728b)
Start importing Assets/SEMA Game Studio/Modular Cute Fantasy Character Pack #1/Materials/Mat_outfit_archer_boots_001.mat using Guid(4e362da7191d6894bbf2ff2b81292656) Importer(815301076,1909f56bfc062723c751e8b465ee728b) [PhysX] Initialized MultithreadedTaskDispatcher with 16 workers.
[PhysX] Initialized MultithreadedTaskDispatcher with 16 workers.
 -> (artifact id: 'f716ce73db27999dedae48b8d0838d84') in 0.010467 seconds
Number of updated asset objects reloaded before import = 0
Number of asset objects unloaded after import = 2
========================================================================
Received Import Request.
  Time since last request: 0.000017 seconds.
  path: Assets/SEMA Game Studio/Modular Cute Fantasy Character Pack #1/Materials/Mat_weapon_necromancerblade_001.mat
  artifactKey: Guid(2b9cf00e3b0670e4ebb7c2f5b07def26) Importer(815301076,1909f56bfc062723c751e8b465ee728b)
Start importing Assets/SEMA Game Studio/Modular Cute Fantasy Character Pack #1/Materials/Mat_weapon_necromancerblade_001.mat using Guid(2b9cf00e3b0670e4ebb7c2f5b07def26) Importer(815301076,1909f56bfc062723c751e8b465ee728b) [PhysX] Initialized MultithreadedTaskDispatcher with 16 workers.
[PhysX] Initialized MultithreadedTaskDispatcher with 16 workers.
 -> (artifact id: '145507e3f3b38f054891818536ec3d3e') in 0.009624 seconds
Number of updated asset objects reloaded before import = 0
Number of asset objects unloaded after import = 2
========================================================================
Received Import Request.
  Time since last request: 0.000020 seconds.
  path: Assets/SEMA Game Studio/Modular Cute Fantasy Character Pack #1/Materials/Mat_hair_003.mat
  artifactKey: Guid(8c89ee0fd2011b2458d0d923d4873621) Importer(815301076,1909f56bfc062723c751e8b465ee728b)
Start importing Assets/SEMA Game Studio/Modular Cute Fantasy Character Pack #1/Materials/Mat_hair_003.mat using Guid(8c89ee0fd2011b2458d0d923d4873621) Importer(815301076,1909f56bfc062723c751e8b465ee728b) [PhysX] Initialized MultithreadedTaskDispatcher with 16 workers.
[PhysX] Initialized MultithreadedTaskDispatcher with 16 workers.
 -> (artifact id: 'b30cb5c94dca67f54982be3db06356aa') in 0.015422 seconds
Number of updated asset objects reloaded before import = 0
Number of asset objects unloaded after import = 2
========================================================================
Received Import Request.
  Time since last request: 0.000022 seconds.
  path: Assets/SEMA Game Studio/Modular Cute Fantasy Character Pack #1/Materials/Mat_outfit_necromancer_hat_001.mat
  artifactKey: Guid(31864b7ee440ff840adb2250d41ee3c6) Importer(815301076,1909f56bfc062723c751e8b465ee728b)
Start importing Assets/SEMA Game Studio/Modular Cute Fantasy Character Pack #1/Materials/Mat_outfit_necromancer_hat_001.mat using Guid(31864b7ee440ff840adb2250d41ee3c6) Importer(815301076,1909f56bfc062723c751e8b465ee728b) [PhysX] Initialized MultithreadedTaskDispatcher with 16 workers.
[PhysX] Initialized MultithreadedTaskDispatcher with 16 workers.
 -> (artifact id: '2ca7625591c2fba2297433b48db7ef4d') in 0.018157 seconds
Number of updated asset objects reloaded before import = 0
Number of asset objects unloaded after import = 2
========================================================================
Received Import Request.
  Time since last request: 0.000016 seconds.
  path: Assets/SEMA Game Studio/Modular Cute Fantasy Character Pack #1/Materials/Mat_outfit_archer_cloak_001.mat
  artifactKey: Guid(7347234f5960bec42b64ed77320c7c01) Importer(815301076,1909f56bfc062723c751e8b465ee728b)
Start importing Assets/SEMA Game Studio/Modular Cute Fantasy Character Pack #1/Materials/Mat_outfit_archer_cloak_001.mat using Guid(7347234f5960bec42b64ed77320c7c01) Importer(815301076,1909f56bfc062723c751e8b465ee728b) [PhysX] Initialized MultithreadedTaskDispatcher with 16 workers.
[PhysX] Initialized MultithreadedTaskDispatcher with 16 workers.
 -> (artifact id: '2676c6072285d6c4d315581045954cc8') in 0.012511 seconds
Number of updated asset objects reloaded before import = 0
Number of asset objects unloaded after import = 2
========================================================================
Received Import Request.
  Time since last request: 0.000028 seconds.
  path: Assets/SEMA Game Studio/Modular Cute Fantasy Character Pack #1/Materials/Mat_outfit_fighter_boots_001.mat
  artifactKey: Guid(9807c009c30eb2940b6ec54dbc4abc29) Importer(815301076,1909f56bfc062723c751e8b465ee728b)
Start importing Assets/SEMA Game Studio/Modular Cute Fantasy Character Pack #1/Materials/Mat_outfit_fighter_boots_001.mat using Guid(9807c009c30eb2940b6ec54dbc4abc29) Importer(815301076,1909f56bfc062723c751e8b465ee728b) [PhysX] Initialized MultithreadedTaskDispatcher with 16 workers.
[PhysX] Initialized MultithreadedTaskDispatcher with 16 workers.
 -> (artifact id: '43ce341d82b58da54d56d356588ef262') in 0.009909 seconds
Number of updated asset objects reloaded before import = 0
Number of asset objects unloaded after import = 2
========================================================================
Received Import Request.
  Time since last request: 0.000024 seconds.
  path: Assets/SEMA Game Studio/Modular Cute Fantasy Character Pack #1/Materials
  artifactKey: Guid(d160a3de6e0a69a4c9244b5c2635e906) Importer(815301076,1909f56bfc062723c751e8b465ee728b)
Start importing Assets/SEMA Game Studio/Modular Cute Fantasy Character Pack #1/Materials using Guid(d160a3de6e0a69a4c9244b5c2635e906) Importer(815301076,1909f56bfc062723c751e8b465ee728b) [PhysX] Initialized MultithreadedTaskDispatcher with 16 workers.
 -> (artifact id: '9207e60fd0eb2bf467ed3b7668124d32') in 0.000428 seconds
Number of updated asset objects reloaded before import = 0
Number of asset objects unloaded after import = 0
========================================================================
Received Import Request.
  Time since last request: 0.000097 seconds.
  path: Assets/SEMA Game Studio/Modular Cute Fantasy Character Pack #1/Materials/Mat_outfit_mage_hat_001.mat
  artifactKey: Guid(027887aa6fe45364aa9adefe38a9ec65) Importer(815301076,1909f56bfc062723c751e8b465ee728b)
Start importing Assets/SEMA Game Studio/Modular Cute Fantasy Character Pack #1/Materials/Mat_outfit_mage_hat_001.mat using Guid(027887aa6fe45364aa9adefe38a9ec65) Importer(815301076,1909f56bfc062723c751e8b465ee728b) [PhysX] Initialized MultithreadedTaskDispatcher with 16 workers.
[PhysX] Initialized MultithreadedTaskDispatcher with 16 workers.
 -> (artifact id: '6061c9404d989df8057e17c11e3fdc60') in 0.008648 seconds
Number of updated asset objects reloaded before import = 0
Number of asset objects unloaded after import = 2
========================================================================
Received Import Request.
  Time since last request: 0.000023 seconds.
  path: Assets/SEMA Game Studio/Modular Cute Fantasy Character Pack #1/Materials/Mat_outfit_mage_cloak_001.mat
  artifactKey: Guid(a0e4fac42da0d4e47a7e8330f43d3748) Importer(815301076,1909f56bfc062723c751e8b465ee728b)
Start importing Assets/SEMA Game Studio/Modular Cute Fantasy Character Pack #1/Materials/Mat_outfit_mage_cloak_001.mat using Guid(a0e4fac42da0d4e47a7e8330f43d3748) Importer(815301076,1909f56bfc062723c751e8b465ee728b) [PhysX] Initialized MultithreadedTaskDispatcher with 16 workers.
[PhysX] Initialized MultithreadedTaskDispatcher with 16 workers.
 -> (artifact id: 'b292090a94d3d7e1ba10609247100012') in 0.009300 seconds
Number of updated asset objects reloaded before import = 0
Number of asset objects unloaded after import = 2
========================================================================
Received Import Request.
  Time since last request: 0.000020 seconds.
  path: Assets/SEMA Game Studio/Modular Cute Fantasy Character Pack #1/Materials/Mat_weapon_fighteraxe_002.mat
  artifactKey: Guid(619c38dce3f0e4147ba498226a4d3455) Importer(815301076,1909f56bfc062723c751e8b465ee728b)
Start importing Assets/SEMA Game Studio/Modular Cute Fantasy Character Pack #1/Materials/Mat_weapon_fighteraxe_002.mat using Guid(619c38dce3f0e4147ba498226a4d3455) Importer(815301076,1909f56bfc062723c751e8b465ee728b) [PhysX] Initialized MultithreadedTaskDispatcher with 16 workers.
[PhysX] Initialized MultithreadedTaskDispatcher with 16 workers.
 -> (artifact id: '91d1ebbfc8c449476f9b9ddd9df07db8') in 0.011507 seconds
Number of updated asset objects reloaded before import = 0
Number of asset objects unloaded after import = 2
========================================================================
Received Import Request.
  Time since last request: 0.000027 seconds.
  path: Assets/SEMA Game Studio/Modular Cute Fantasy Character Pack #1/Materials/Mat_outfit_monk_boots_001.mat
  artifactKey: Guid(6df470f8d18225c44930d3c791d87154) Importer(815301076,1909f56bfc062723c751e8b465ee728b)
Start importing Assets/SEMA Game Studio/Modular Cute Fantasy Character Pack #1/Materials/Mat_outfit_monk_boots_001.mat using Guid(6df470f8d18225c44930d3c791d87154) Importer(815301076,1909f56bfc062723c751e8b465ee728b) [PhysX] Initialized MultithreadedTaskDispatcher with 16 workers.
[PhysX] Initialized MultithreadedTaskDispatcher with 16 workers.
 -> (artifact id: '01812a62f3ea3b4c302ea3b22d5dab6c') in 0.009990 seconds
Number of updated asset objects reloaded before import = 0
Number of asset objects unloaded after import = 2
========================================================================
Received Import Request.
  Time since last request: 0.000054 seconds.
  path: Assets/SEMA Game Studio/Modular Cute Fantasy Character Pack #1/Materials/Mat_weapon_magestaff_001.mat
  artifactKey: Guid(5bebb06b56757274989fb76b5965c72a) Importer(815301076,1909f56bfc062723c751e8b465ee728b)
Start importing Assets/SEMA Game Studio/Modular Cute Fantasy Character Pack #1/Materials/Mat_weapon_magestaff_001.mat using Guid(5bebb06b56757274989fb76b5965c72a) Importer(815301076,1909f56bfc062723c751e8b465ee728b) [PhysX] Initialized MultithreadedTaskDispatcher with 16 workers.
[PhysX] Initialized MultithreadedTaskDispatcher with 16 workers.
 -> (artifact id: 'e503180091e924cbb4addf105cfadffc') in 0.009459 seconds
Number of updated asset objects reloaded before import = 0
Number of asset objects unloaded after import = 2
========================================================================
Received Import Request.
  Time since last request: 0.000016 seconds.
  path: Assets/SEMA Game Studio/Modular Cute Fantasy Character Pack #1/Materials/Mat_outfit_fighter_body_001.mat
  artifactKey: Guid(9584fdbb4b9284d4390e6c549ab826b0) Importer(815301076,1909f56bfc062723c751e8b465ee728b)
Start importing Assets/SEMA Game Studio/Modular Cute Fantasy Character Pack #1/Materials/Mat_outfit_fighter_body_001.mat using Guid(9584fdbb4b9284d4390e6c549ab826b0) Importer(815301076,1909f56bfc062723c751e8b465ee728b) [PhysX] Initialized MultithreadedTaskDispatcher with 16 workers.
[PhysX] Initialized MultithreadedTaskDispatcher with 16 workers.
 -> (artifact id: 'e12cf33e974a273caada45c39b160f1c') in 0.008371 seconds
Number of updated asset objects reloaded before import = 0
Number of asset objects unloaded after import = 2
========================================================================
Received Import Request.
  Time since last request: 0.000016 seconds.
  path: Assets/SEMA Game Studio/Modular Cute Fantasy Character Pack #1/Materials/Mat_skin_brow_001.mat
  artifactKey: Guid(e31f773f6772ca9448922c7c4dca25ec) Importer(815301076,1909f56bfc062723c751e8b465ee728b)
Start importing Assets/SEMA Game Studio/Modular Cute Fantasy Character Pack #1/Materials/Mat_skin_brow_001.mat using Guid(e31f773f6772ca9448922c7c4dca25ec) Importer(815301076,1909f56bfc062723c751e8b465ee728b) [PhysX] Initialized MultithreadedTaskDispatcher with 16 workers.
[PhysX] Initialized MultithreadedTaskDispatcher with 16 workers.
 -> (artifact id: '5e280ce6667f9696a9d3ba8154642db6') in 0.009339 seconds
Number of updated asset objects reloaded before import = 0
Number of asset objects unloaded after import = 2
========================================================================
Received Import Request.
  Time since last request: 0.000015 seconds.
  path: Assets/SEMA Game Studio/Modular Cute Fantasy Character Pack #1/Materials/Mat_outfit_monk_body_001.mat
  artifactKey: Guid(53a6d2367b4e1cf46892811a09cff092) Importer(815301076,1909f56bfc062723c751e8b465ee728b)
Start importing Assets/SEMA Game Studio/Modular Cute Fantasy Character Pack #1/Materials/Mat_outfit_monk_body_001.mat using Guid(53a6d2367b4e1cf46892811a09cff092) Importer(815301076,1909f56bfc062723c751e8b465ee728b) [PhysX] Initialized MultithreadedTaskDispatcher with 16 workers.
[PhysX] Initialized MultithreadedTaskDispatcher with 16 workers.
 -> (artifact id: '6c0f3da1ca4a8747c0a4403f817489d5') in 0.014375 seconds
Number of updated asset objects reloaded before import = 0
Number of asset objects unloaded after import = 2
========================================================================
Received Import Request.
  Time since last request: 0.000019 seconds.
  path: Assets/SEMA Game Studio/Modular Cute Fantasy Character Pack #1/Materials/Mat_skin_nose_001A.mat
  artifactKey: Guid(0cf3eebb073e5794689db61aca33f74f) Importer(815301076,1909f56bfc062723c751e8b465ee728b)
Start importing Assets/SEMA Game Studio/Modular Cute Fantasy Character Pack #1/Materials/Mat_skin_nose_001A.mat using Guid(0cf3eebb073e5794689db61aca33f74f) Importer(815301076,1909f56bfc062723c751e8b465ee728b) [PhysX] Initialized MultithreadedTaskDispatcher with 16 workers.
[PhysX] Initialized MultithreadedTaskDispatcher with 16 workers.
 -> (artifact id: 'f34beadbe53a4de1a9a0b6168c7da2de') in 0.015164 seconds
Number of updated asset objects reloaded before import = 0
Number of asset objects unloaded after import = 2
========================================================================
Received Import Request.
  Time since last request: 0.000022 seconds.
  path: Assets/SEMA Game Studio/Modular Cute Fantasy Character Pack #1/Materials/Mat_weapon_archerarrow_001.mat
  artifactKey: Guid(4cf192bf922ed3c4d90609fa811a678c) Importer(815301076,1909f56bfc062723c751e8b465ee728b)
Start importing Assets/SEMA Game Studio/Modular Cute Fantasy Character Pack #1/Materials/Mat_weapon_archerarrow_001.mat using Guid(4cf192bf922ed3c4d90609fa811a678c) Importer(815301076,1909f56bfc062723c751e8b465ee728b) [PhysX] Initialized MultithreadedTaskDispatcher with 16 workers.
[PhysX] Initialized MultithreadedTaskDispatcher with 16 workers.
 -> (artifact id: 'e6f72376d4bbd6ddf32303e671cc9ba6') in 0.017037 seconds
Number of updated asset objects reloaded before import = 0
Number of asset objects unloaded after import = 2
========================================================================
Received Import Request.
  Time since last request: 0.000021 seconds.
  path: Assets/SEMA Game Studio/Modular Cute Fantasy Character Pack #1/Materials/Mat_weapon_fighteraxe_001.mat
  artifactKey: Guid(dd44efd104623e84bbb98dbd4035f63d) Importer(815301076,1909f56bfc062723c751e8b465ee728b)
Start importing Assets/SEMA Game Studio/Modular Cute Fantasy Character Pack #1/Materials/Mat_weapon_fighteraxe_001.mat using Guid(dd44efd104623e84bbb98dbd4035f63d) Importer(815301076,1909f56bfc062723c751e8b465ee728b) [PhysX] Initialized MultithreadedTaskDispatcher with 16 workers.
[PhysX] Initialized MultithreadedTaskDispatcher with 16 workers.
 -> (artifact id: '1317026d66dd41810c47ce530bb8e022') in 0.010911 seconds
Number of updated asset objects reloaded before import = 0
Number of asset objects unloaded after import = 2
========================================================================
Received Import Request.
  Time since last request: 0.000029 seconds.
  path: Assets/SEMA Game Studio/Modular Cute Fantasy Character Pack #1/Materials/Mat_outfit_necromancer_boots_001.mat
  artifactKey: Guid(5a0e9bdeca1e51841a07188b53b20bf7) Importer(815301076,1909f56bfc062723c751e8b465ee728b)
Start importing Assets/SEMA Game Studio/Modular Cute Fantasy Character Pack #1/Materials/Mat_outfit_necromancer_boots_001.mat using Guid(5a0e9bdeca1e51841a07188b53b20bf7) Importer(815301076,1909f56bfc062723c751e8b465ee728b) [PhysX] Initialized MultithreadedTaskDispatcher with 16 workers.
[PhysX] Initialized MultithreadedTaskDispatcher with 16 workers.
 -> (artifact id: '28c541445c92de4c72b4986020b056ba') in 0.008457 seconds
Number of updated asset objects reloaded before import = 0
Number of asset objects unloaded after import = 2
Editor requested this worker to shutdown with reason: Scaling down because of idle timeout
TcpMessagingSession - receive error: operation aborted. errorcode: 995, details: The I/O operation has been aborted because of either a thread exit or an application request.
AssetImportWorker is now disconnected from the server
Process exiting
Exiting without the bug reporter. Application will terminate with return code 0