This is pdfTeX, Version 3.141592653-2.6-1.40.25 (MiKTeX 24.1) (preloaded format=pdflatex 2024.10.1)  27 MAR 2025 20:36
entering extended mode
 restricted \write18 enabled.
 %&-line parsing enabled.
**FinalReport
(C:\Users\rolop\AppData\Local\Programs\MiKTeX\tex/latex/tools\q.tex
LaTeX2e <2023-11-01> patch level 1
L3 programming layer <2024-01-04>
File ignored
)
! Emergency stop.
<*> FinalReport
               
*** (job aborted, no legal \end found)

 
Here is how much of TeX's memory you used:
 19 strings out of 474486
 504 string characters out of 5743755
 1924542 words of memory out of 5000000
 22404 multiletter control sequences out of 15000+600000
 558069 words of font info for 36 fonts, out of 8000000 for 9000
 1141 hyphenation exceptions out of 8191
 12i,0n,13p,91b,8s stack positions out of 10000i,1000n,20000p,200000b,200000s
!  ==> Fatal error occurred, no output PDF file produced!
